Performing C SOURCE FILE Test CMAKE_HAVE_LIBC_PTHREAD failed with the following output:
Change Dir: /home/adarsh/projects/game_test/build/CMakeFiles/CMakeTmp

Run Build Command(s):/home/adarsh/miniconda3/bin/ninja cmTC_daaac && [1/2] Building C object CMakeFiles/cmTC_daaac.dir/src.c.o
[2/2] Linking C executable cmTC_daaac
FAILED: cmTC_daaac 
: && /bin/clang-10 -DCMAKE_HAVE_LIBC_PTHREAD   CMakeFiles/cmTC_daaac.dir/src.c.o  -o cmTC_daaac   && :
/bin/ld: CMakeFiles/cmTC_daaac.dir/src.c.o: in function `main':
src.c:(.text+0x35): undefined reference to `pthread_create'
/bin/ld: src.c:(.text+0x41): undefined reference to `pthread_detach'
/bin/ld: src.c:(.text+0x53): undefined reference to `pthread_join'
clang: error: linker command failed with exit code 1 (use -v to see invocation)
ninja: build stopped: subcommand failed.


Source file was:
#include <pthread.h>

void* test_func(void* data)
{
  return data;
}

int main(void)
{
  pthread_t thread;
  pthread_create(&thread, NULL, test_func, NULL);
  pthread_detach(thread);
  pthread_join(thread, NULL);
  pthread_atfork(NULL, NULL, NULL);
  pthread_exit(NULL);

  return 0;
}

Determining if the function pthread_create exists in the pthreads failed with the following output:
Change Dir: /home/adarsh/projects/game_test/build/CMakeFiles/CMakeTmp

Run Build Command(s):/home/adarsh/miniconda3/bin/ninja cmTC_07a52 && [1/2] Building C object CMakeFiles/cmTC_07a52.dir/CheckFunctionExists.c.o
[2/2] Linking C executable cmTC_07a52
FAILED: cmTC_07a52 
: && /bin/clang-10 -DCHECK_FUNCTION_EXISTS=pthread_create   CMakeFiles/cmTC_07a52.dir/CheckFunctionExists.c.o  -o cmTC_07a52  -lpthreads && :
/bin/ld: cannot find -lpthreads
clang: error: linker command failed with exit code 1 (use -v to see invocation)
ninja: build stopped: subcommand failed.



